p/998.jpg 1 0 0 100 100
p/997.jpg 1 0 0 100 100
p/994.jpg 1 0 0 100 100
p/995.jpg 1 0 0 100 100
p/996.jpg 1 0 0 100 100
p/993.jpg 1 0 0 100 100
p/988.jpg 1 0 0 100 100
p/989.jpg 1 0 0 100 100
p/991.jpg 1 0 0 100 100
p/987.jpg 1 0 0 100 100
p/984.jpg 1 0 0 100 100
p/985.jpg 1 0 0 100 100
p/982.jpg 1 0 0 100 100
p/983.jpg 1 0 0 100 100
p/980.jpg 1 0 0 100 100
p/981.jpg 1 0 0 100 100
p/978.jpg 1 0 0 100 100
p/977.jpg 1 0 0 100 100
p/976.jpg 1 0 0 100 100
p/975.jpg 1 0 0 100 100
p/972.jpg 1 0 0 100 100
p/973.jpg 1 0 0 100 100
p/970.jpg 1 0 0 100 100
p/971.jpg 1 0 0 100 100
p/969.jpg 1 0 0 100 100
p/967.jpg 1 0 0 100 100
p/966.jpg 1 0 0 100 100
p/965.jpg 1 0 0 100 100
p/964.jpg 1 0 0 100 100
p/961.jpg 1 0 0 100 100
p/963.jpg 1 0 0 100 100
p/960.jpg 1 0 0 100 100
p/958.jpg 1 0 0 100 100
p/959.jpg 1 0 0 100 100
p/956.jpg 1 0 0 100 100
p/955.jpg 1 0 0 100 100
p/954.jpg 1 0 0 100 100
p/951.jpg 1 0 0 100 100
p/952.jpg 1 0 0 100 100
p/953.jpg 1 0 0 100 100
p/945.jpg 1 0 0 100 100
p/947.jpg 1 0 0 100 100
p/948.jpg 1 0 0 100 100
p/949.jpg 1 0 0 100 100
p/943.jpg 1 0 0 100 100
p/944.jpg 1 0 0 100 100
p/941.jpg 1 0 0 100 100
p/942.jpg 1 0 0 100 100
p/939.jpg 1 0 0 100 100
p/940.jpg 1 0 0 100 100
p/937.jpg 1 0 0 100 100
p/933.jpg 1 0 0 100 100
p/934.jpg 1 0 0 100 100
p/936.jpg 1 0 0 100 100
p/930.jpg 1 0 0 100 100
p/931.jpg 1 0 0 100 100
p/932.jpg 1 0 0 100 100
p/928.jpg 1 0 0 100 100
p/929.jpg 1 0 0 100 100
p/925.jpg 1 0 0 100 100
p/927.jpg 1 0 0 100 100
p/923.jpg 1 0 0 100 100
p/922.jpg 1 0 0 100 100
p/921.jpg 1 0 0 100 100
p/920.jpg 1 0 0 100 100
p/918.jpg 1 0 0 100 100
p/919.jpg 1 0 0 100 100
p/916.jpg 1 0 0 100 100
p/917.jpg 1 0 0 100 100
p/915.jpg 1 0 0 100 100
p/912.jpg 1 0 0 100 100
p/910.jpg 1 0 0 100 100
p/911.jpg 1 0 0 100 100
p/908.jpg 1 0 0 100 100
p/909.jpg 1 0 0 100 100
p/906.jpg 1 0 0 100 100
p/907.jpg 1 0 0 100 100
p/905.jpg 1 0 0 100 100
p/904.jpg 1 0 0 100 100
p/903.jpg 1 0 0 100 100
p/900.jpg 1 0 0 100 100
p/899.jpg 1 0 0 100 100
p/898.jpg 1 0 0 100 100
p/896.jpg 1 0 0 100 100
p/897.jpg 1 0 0 100 100
p/895.jpg 1 0 0 100 100
p/894.jpg 1 0 0 100 100
p/893.jpg 1 0 0 100 100
p/892.jpg 1 0 0 100 100
p/89.jpg 1 0 0 100 100
p/889.jpg 1 0 0 100 100
p/888.jpg 1 0 0 100 100
p/887.jpg 1 0 0 100 100
p/886.jpg 1 0 0 100 100
p/885.jpg 1 0 0 100 100
p/883.jpg 1 0 0 100 100
p/884.jpg 1 0 0 100 100
p/882.jpg 1 0 0 100 100
p/881.jpg 1 0 0 100 100
p/880.jpg 1 0 0 100 100
p/878.jpg 1 0 0 100 100
p/877.jpg 1 0 0 100 100
p/875.jpg 1 0 0 100 100
p/874.jpg 1 0 0 100 100
p/873.jpg 1 0 0 100 100
p/872.jpg 1 0 0 100 100
p/870.jpg 1 0 0 100 100
p/871.jpg 1 0 0 100 100
p/867.jpg 1 0 0 100 100
p/869.jpg 1 0 0 100 100
p/866.jpg 1 0 0 100 100
p/861.jpg 1 0 0 100 100
p/862.jpg 1 0 0 100 100
p/860.jpg 1 0 0 100 100
p/858.jpg 1 0 0 100 100
p/859.jpg 1 0 0 100 100
p/856.jpg 1 0 0 100 100
p/855.jpg 1 0 0 100 100
p/854.jpg 1 0 0 100 100
p/853.jpg 1 0 0 100 100
p/852.jpg 1 0 0 100 100
p/850.jpg 1 0 0 100 100
p/849.jpg 1 0 0 100 100
p/848.jpg 1 0 0 100 100
p/847.jpg 1 0 0 100 100
p/845.jpg 1 0 0 100 100
p/844.jpg 1 0 0 100 100
p/843.jpg 1 0 0 100 100
p/842.jpg 1 0 0 100 100
p/841.jpg 1 0 0 100 100
p/840.jpg 1 0 0 100 100
p/838.jpg 1 0 0 100 100
p/837.jpg 1 0 0 100 100
p/834.jpg 1 0 0 100 100
p/836.jpg 1 0 0 100 100
p/832.jpg 1 0 0 100 100
p/833.jpg 1 0 0 100 100
p/831.jpg 1 0 0 100 100
p/830.jpg 1 0 0 100 100
p/828.jpg 1 0 0 100 100
p/826.jpg 1 0 0 100 100
p/825.jpg 1 0 0 100 100
p/823.jpg 1 0 0 100 100
p/822.jpg 1 0 0 100 100
p/821.jpg 1 0 0 100 100
p/820.jpg 1 0 0 100 100
p/819.jpg 1 0 0 100 100
p/818.jpg 1 0 0 100 100
p/817.jpg 1 0 0 100 100
p/816.jpg 1 0 0 100 100
p/814.jpg 1 0 0 100 100
p/812.jpg 1 0 0 100 100
p/810.jpg 1 0 0 100 100
p/811.jpg 1 0 0 100 100
p/808.jpg 1 0 0 100 100
p/809.jpg 1 0 0 100 100
p/807.jpg 1 0 0 100 100
p/806.jpg 1 0 0 100 100
p/805.jpg 1 0 0 100 100
p/804.jpg 1 0 0 100 100
p/801.jpg 1 0 0 100 100
p/799.jpg 1 0 0 100 100
p/800.jpg 1 0 0 100 100
p/798.jpg 1 0 0 100 100
p/797.jpg 1 0 0 100 100
p/796.jpg 1 0 0 100 100
p/795.jpg 1 0 0 100 100
p/794.jpg 1 0 0 100 100
p/793.jpg 1 0 0 100 100
p/792.jpg 1 0 0 100 100
p/789.jpg 1 0 0 100 100
p/788.jpg 1 0 0 100 100
p/787.jpg 1 0 0 100 100
p/784.jpg 1 0 0 100 100
p/786.jpg 1 0 0 100 100
p/783.jpg 1 0 0 100 100
p/782.jpg 1 0 0 100 100
p/781.jpg 1 0 0 100 100
p/778.jpg 1 0 0 100 100
p/776.jpg 1 0 0 100 100
p/775.jpg 1 0 0 100 100
p/773.jpg 1 0 0 100 100
p/774.jpg 1 0 0 100 100
p/772.jpg 1 0 0 100 100
p/770.jpg 1 0 0 100 100
p/771.jpg 1 0 0 100 100
p/769.jpg 1 0 0 100 100
p/767.jpg 1 0 0 100 100
p/764.jpg 1 0 0 100 100
p/766.jpg 1 0 0 100 100
p/763.jpg 1 0 0 100 100
p/762.jpg 1 0 0 100 100
p/761.jpg 1 0 0 100 100
p/760.jpg 1 0 0 100 100
p/759.jpg 1 0 0 100 100
p/758.jpg 1 0 0 100 100
p/756.jpg 1 0 0 100 100
p/754.jpg 1 0 0 100 100
p/755.jpg 1 0 0 100 100
p/750.jpg 1 0 0 100 100
p/751.jpg 1 0 0 100 100
p/752.jpg 1 0 0 100 100
p/749.jpg 1 0 0 100 100
p/747.jpg 1 0 0 100 100
p/748.jpg 1 0 0 100 100
p/744.jpg 1 0 0 100 100
p/745.jpg 1 0 0 100 100
p/742.jpg 1 0 0 100 100
p/743.jpg 1 0 0 100 100
p/741.jpg 1 0 0 100 100
p/737.jpg 1 0 0 100 100
p/738.jpg 1 0 0 100 100
p/734.jpg 1 0 0 100 100
p/736.jpg 1 0 0 100 100
p/733.jpg 1 0 0 100 100
p/732.jpg 1 0 0 100 100
p/731.jpg 1 0 0 100 100
p/727.jpg 1 0 0 100 100
p/730.jpg 1 0 0 100 100
p/726.jpg 1 0 0 100 100
p/725.jpg 1 0 0 100 100
p/721.jpg 1 0 0 100 100
p/722.jpg 1 0 0 100 100
p/718.jpg 1 0 0 100 100
p/719.jpg 1 0 0 100 100
p/717.jpg 1 0 0 100 100
p/715.jpg 1 0 0 100 100
p/711.jpg 1 0 0 100 100
p/714.jpg 1 0 0 100 100
p/710.jpg 1 0 0 100 100
p/709.jpg 1 0 0 100 100
p/708.jpg 1 0 0 100 100
p/707.jpg 1 0 0 100 100
p/706.jpg 1 0 0 100 100
p/705.jpg 1 0 0 100 100
p/703.jpg 1 0 0 100 100
p/701.jpg 1 0 0 100 100
p/700.jpg 1 0 0 100 100
p/698.jpg 1 0 0 100 100
p/699.jpg 1 0 0 100 100
p/695.jpg 1 0 0 100 100
p/697.jpg 1 0 0 100 100
p/690.jpg 1 0 0 100 100
p/693.jpg 1 0 0 100 100
p/689.jpg 1 0 0 100 100
p/688.jpg 1 0 0 100 100
p/687.jpg 1 0 0 100 100
p/684.jpg 1 0 0 100 100
p/685.jpg 1 0 0 100 100
p/686.jpg 1 0 0 100 100
p/682.jpg 1 0 0 100 100
p/683.jpg 1 0 0 100 100
p/681.jpg 1 0 0 100 100
p/677.jpg 1 0 0 100 100
p/678.jpg 1 0 0 100 100
p/675.jpg 1 0 0 100 100
p/676.jpg 1 0 0 100 100
p/673.jpg 1 0 0 100 100
p/674.jpg 1 0 0 100 100
p/671.jpg 1 0 0 100 100
p/672.jpg 1 0 0 100 100
p/670.jpg 1 0 0 100 100
p/667.jpg 1 0 0 100 100
p/665.jpg 1 0 0 100 100
p/664.jpg 1 0 0 100 100
p/663.jpg 1 0 0 100 100
p/662.jpg 1 0 0 100 100
p/659.jpg 1 0 0 100 100
p/660.jpg 1 0 0 100 100
p/658.jpg 1 0 0 100 100
p/656.jpg 1 0 0 100 100
p/655.jpg 1 0 0 100 100
p/651.jpg 1 0 0 100 100
p/652.jpg 1 0 0 100 100
p/650.jpg 1 0 0 100 100
p/649.jpg 1 0 0 100 100
p/648.jpg 1 0 0 100 100
p/647.jpg 1 0 0 100 100
p/645.jpg 1 0 0 100 100
p/643.jpg 1 0 0 100 100
p/644.jpg 1 0 0 100 100
p/642.jpg 1 0 0 100 100
p/641.jpg 1 0 0 100 100
p/639.jpg 1 0 0 100 100
p/640.jpg 1 0 0 100 100
p/637.jpg 1 0 0 100 100
p/638.jpg 1 0 0 100 100
p/636.jpg 1 0 0 100 100
p/634.jpg 1 0 0 100 100
p/633.jpg 1 0 0 100 100
p/629.jpg 1 0 0 100 100
p/627.jpg 1 0 0 100 100
p/628.jpg 1 0 0 100 100
p/625.jpg 1 0 0 100 100
p/626.jpg 1 0 0 100 100
p/622.jpg 1 0 0 100 100
p/623.jpg 1 0 0 100 100
p/621.jpg 1 0 0 100 100
p/619.jpg 1 0 0 100 100
p/620.jpg 1 0 0 100 100
p/618.jpg 1 0 0 100 100
p/615.jpg 1 0 0 100 100
p/616.jpg 1 0 0 100 100
p/611.jpg 1 0 0 100 100
p/612.jpg 1 0 0 100 100
p/614.jpg 1 0 0 100 100
p/609.jpg 1 0 0 100 100
p/610.jpg 1 0 0 100 100
p/607.jpg 1 0 0 100 100
p/608.jpg 1 0 0 100 100
p/604.jpg 1 0 0 100 100
p/606.jpg 1 0 0 100 100
p/600.jpg 1 0 0 100 100
p/601.jpg 1 0 0 100 100
p/603.jpg 1 0 0 100 100
p/598.jpg 1 0 0 100 100
p/599.jpg 1 0 0 100 100
p/596.jpg 1 0 0 100 100
p/595.jpg 1 0 0 100 100
p/594.jpg 1 0 0 100 100
p/592.jpg 1 0 0 100 100
p/590.jpg 1 0 0 100 100
p/589.jpg 1 0 0 100 100
p/588.jpg 1 0 0 100 100
p/585.jpg 1 0 0 100 100
p/586.jpg 1 0 0 100 100
p/587.jpg 1 0 0 100 100
p/583.jpg 1 0 0 100 100
p/584.jpg 1 0 0 100 100
p/579.jpg 1 0 0 100 100
p/582.jpg 1 0 0 100 100
p/577.jpg 1 0 0 100 100
p/578.jpg 1 0 0 100 100
p/576.jpg 1 0 0 100 100
p/574.jpg 1 0 0 100 100
p/575.jpg 1 0 0 100 100
p/571.jpg 1 0 0 100 100
p/572.jpg 1 0 0 100 100
p/573.jpg 1 0 0 100 100
p/57.jpg 1 0 0 100 100
p/570.jpg 1 0 0 100 100
p/569.jpg 1 0 0 100 100
p/567.jpg 1 0 0 100 100
p/566.jpg 1 0 0 100 100
p/565.jpg 1 0 0 100 100
p/564.jpg 1 0 0 100 100
p/563.jpg 1 0 0 100 100
p/561.jpg 1 0 0 100 100
p/562.jpg 1 0 0 100 100
p/559.jpg 1 0 0 100 100
p/560.jpg 1 0 0 100 100
p/556.jpg 1 0 0 100 100
p/558.jpg 1 0 0 100 100
p/553.jpg 1 0 0 100 100
p/554.jpg 1 0 0 100 100
p/550.jpg 1 0 0 100 100
p/551.jpg 1 0 0 100 100
p/552.jpg 1 0 0 100 100
p/549.jpg 1 0 0 100 100
p/548.jpg 1 0 0 100 100
p/541.jpg 1 0 0 100 100
p/544.jpg 1 0 0 100 100
p/540.jpg 1 0 0 100 100
p/539.jpg 1 0 0 100 100
p/533.jpg 1 0 0 100 100
p/532.jpg 1 0 0 100 100
p/531.jpg 1 0 0 100 100
p/530.jpg 1 0 0 100 100
p/529.jpg 1 0 0 100 100
p/526.jpg 1 0 0 100 100
p/527.jpg 1 0 0 100 100
p/528.jpg 1 0 0 100 100
p/523.jpg 1 0 0 100 100
p/521.jpg 1 0 0 100 100
p/522.jpg 1 0 0 100 100
p/518.jpg 1 0 0 100 100
p/520.jpg 1 0 0 100 100
p/516.jpg 1 0 0 100 100
p/517.jpg 1 0 0 100 100
p/514.jpg 1 0 0 100 100
p/515.jpg 1 0 0 100 100
p/510.jpg 1 0 0 100 100
p/511.jpg 1 0 0 100 100
p/508.jpg 1 0 0 100 100
p/509.jpg 1 0 0 100 100
p/504.jpg 1 0 0 100 100
p/505.jpg 1 0 0 100 100
p/506.jpg 1 0 0 100 100
p/501.jpg 1 0 0 100 100
p/503.jpg 1 0 0 100 100
p/499.jpg 1 0 0 100 100
p/500.jpg 1 0 0 100 100
p/496.jpg 1 0 0 100 100
p/497.jpg 1 0 0 100 100
p/498.jpg 1 0 0 100 100
p/493.jpg 1 0 0 100 100
p/495.jpg 1 0 0 100 100
p/490.jpg 1 0 0 100 100
p/492.jpg 1 0 0 100 100
p/488.jpg 1 0 0 100 100
p/489.jpg 1 0 0 100 100
p/486.jpg 1 0 0 100 100
p/487.jpg 1 0 0 100 100
p/483.jpg 1 0 0 100 100
p/484.jpg 1 0 0 100 100
p/485.jpg 1 0 0 100 100
p/481.jpg 1 0 0 100 100
p/477.jpg 1 0 0 100 100
p/478.jpg 1 0 0 100 100
p/479.jpg 1 0 0 100 100
p/476.jpg 1 0 0 100 100
p/473.jpg 1 0 0 100 100
p/474.jpg 1 0 0 100 100
p/475.jpg 1 0 0 100 100
p/472.jpg 1 0 0 100 100
p/468.jpg 1 0 0 100 100
p/471.jpg 1 0 0 100 100
p/466.jpg 1 0 0 100 100
p/467.jpg 1 0 0 100 100
p/464.jpg 1 0 0 100 100
p/465.jpg 1 0 0 100 100
p/462.jpg 1 0 0 100 100
p/463.jpg 1 0 0 100 100
p/461.jpg 1 0 0 100 100
p/460.jpg 1 0 0 100 100
p/459.jpg 1 0 0 100 100
p/456.jpg 1 0 0 100 100
p/454.jpg 1 0 0 100 100
p/452.jpg 1 0 0 100 100
p/453.jpg 1 0 0 100 100
p/451.jpg 1 0 0 100 100
p/450.jpg 1 0 0 100 100
p/449.jpg 1 0 0 100 100
p/447.jpg 1 0 0 100 100
p/448.jpg 1 0 0 100 100
p/445.jpg 1 0 0 100 100
p/443.jpg 1 0 0 100 100
p/439.jpg 1 0 0 100 100
p/440.jpg 1 0 0 100 100
p/437.jpg 1 0 0 100 100
p/438.jpg 1 0 0 100 100
p/436.jpg 1 0 0 100 100
p/434.jpg 1 0 0 100 100
p/431.jpg 1 0 0 100 100
p/429.jpg 1 0 0 100 100
p/430.jpg 1 0 0 100 100
p/427.jpg 1 0 0 100 100
p/428.jpg 1 0 0 100 100
p/426.jpg 1 0 0 100 100
p/425.jpg 1 0 0 100 100
p/423.jpg 1 0 0 100 100
p/422.jpg 1 0 0 100 100
p/421.jpg 1 0 0 100 100
p/419.jpg 1 0 0 100 100
p/417.jpg 1 0 0 100 100
p/418.jpg 1 0 0 100 100
p/416.jpg 1 0 0 100 100
p/412.jpg 1 0 0 100 100
p/414.jpg 1 0 0 100 100
p/415.jpg 1 0 0 100 100
p/409.jpg 1 0 0 100 100
p/410.jpg 1 0 0 100 100
p/406.jpg 1 0 0 100 100
p/407.jpg 1 0 0 100 100
p/404.jpg 1 0 0 100 100
p/405.jpg 1 0 0 100 100
p/401.jpg 1 0 0 100 100
p/403.jpg 1 0 0 100 100
p/400.jpg 1 0 0 100 100
p/399.jpg 1 0 0 100 100
p/398.jpg 1 0 0 100 100
p/395.jpg 1 0 0 100 100
p/397.jpg 1 0 0 100 100
p/393.jpg 1 0 0 100 100
p/394.jpg 1 0 0 100 100
p/392.jpg 1 0 0 100 100
p/390.jpg 1 0 0 100 100
p/389.jpg 1 0 0 100 100
p/385.jpg 1 0 0 100 100
p/386.jpg 1 0 0 100 100
p/387.jpg 1 0 0 100 100
p/381.jpg 1 0 0 100 100
p/382.jpg 1 0 0 100 100
p/379.jpg 1 0 0 100 100
p/375.jpg 1 0 0 100 100
p/376.jpg 1 0 0 100 100
p/378.jpg 1 0 0 100 100
p/374.jpg 1 0 0 100 100
p/372.jpg 1 0 0 100 100
p/373.jpg 1 0 0 100 100
p/368.jpg 1 0 0 100 100
p/370.jpg 1 0 0 100 100
p/366.jpg 1 0 0 100 100
p/367.jpg 1 0 0 100 100
p/365.jpg 1 0 0 100 100
p/362.jpg 1 0 0 100 100
p/363.jpg 1 0 0 100 100
p/364.jpg 1 0 0 100 100
p/360.jpg 1 0 0 100 100
p/361.jpg 1 0 0 100 100
p/356.jpg 1 0 0 100 100
p/357.jpg 1 0 0 100 100
p/355.jpg 1 0 0 100 100
p/354.jpg 1 0 0 100 100
p/352.jpg 1 0 0 100 100
p/353.jpg 1 0 0 100 100
p/351.jpg 1 0 0 100 100
p/350.jpg 1 0 0 100 100
p/348.jpg 1 0 0 100 100
p/349.jpg 1 0 0 100 100
p/344.jpg 1 0 0 100 100
p/345.jpg 1 0 0 100 100
p/342.jpg 1 0 0 100 100
p/343.jpg 1 0 0 100 100
p/341.jpg 1 0 0 100 100
p/339.jpg 1 0 0 100 100
p/340.jpg 1 0 0 100 100
p/338.jpg 1 0 0 100 100
p/337.jpg 1 0 0 100 100
p/332.jpg 1 0 0 100 100
p/334.jpg 1 0 0 100 100
p/331.jpg 1 0 0 100 100
p/330.jpg 1 0 0 100 100
p/329.jpg 1 0 0 100 100
p/328.jpg 1 0 0 100 100
p/327.jpg 1 0 0 100 100
p/326.jpg 1 0 0 100 100
p/325.jpg 1 0 0 100 100
p/323.jpg 1 0 0 100 100
p/324.jpg 1 0 0 100 100
p/317.jpg 1 0 0 100 100
p/318.jpg 1 0 0 100 100
p/315.jpg 1 0 0 100 100
p/316.jpg 1 0 0 100 100
p/314.jpg 1 0 0 100 100
p/310.jpg 1 0 0 100 100
p/311.jpg 1 0 0 100 100
p/312.jpg 1 0 0 100 100
p/307.jpg 1 0 0 100 100
p/308.jpg 1 0 0 100 100
p/306.jpg 1 0 0 100 100
p/305.jpg 1 0 0 100 100
p/301.jpg 1 0 0 100 100
p/303.jpg 1 0 0 100 100
p/304.jpg 1 0 0 100 100
p/300.jpg 1 0 0 100 100
p/299.jpg 1 0 0 100 100
p/296.jpg 1 0 0 100 100
p/298.jpg 1 0 0 100 100
p/295.jpg 1 0 0 100 100
p/294.jpg 1 0 0 100 100
p/293.jpg 1 0 0 100 100
p/2923.jpg 1 0 0 100 100
p/2899.jpg 1 0 0 100 100
p/290.jpg 1 0 0 100 100
p/288.jpg 1 0 0 100 100
p/2881.jpg 1 0 0 100 100
p/2857.jpg 1 0 0 100 100
p/2846.jpg 1 0 0 100 100
p/2835.jpg 1 0 0 100 100
p/2825.jpg 1 0 0 100 100
p/2815.jpg 1 0 0 100 100
p/2814.jpg 1 0 0 100 100
p/2808.jpg 1 0 0 100 100
p/2806.jpg 1 0 0 100 100
p/2804.jpg 1 0 0 100 100
p/2800.jpg 1 0 0 100 100
p/2801.jpg 1 0 0 100 100
p/2792.jpg 1 0 0 100 100
p/2790.jpg 1 0 0 100 100
p/2786.jpg 1 0 0 100 100
p/2776.jpg 1 0 0 100 100
p/2757.jpg 1 0 0 100 100
p/2769.jpg 1 0 0 100 100
p/2751.jpg 1 0 0 100 100
p/2748.jpg 1 0 0 100 100
p/2746.jpg 1 0 0 100 100
p/2747.jpg 1 0 0 100 100
p/2738.jpg 1 0 0 100 100
p/2739.jpg 1 0 0 100 100
p/2702.jpg 1 0 0 100 100
p/2737.jpg 1 0 0 100 100
p/2696.jpg 1 0 0 100 100
p/2673.jpg 1 0 0 100 100
p/2693.jpg 1 0 0 100 100
p/2666.jpg 1 0 0 100 100
p/2667.jpg 1 0 0 100 100
p/2665.jpg 1 0 0 100 100
p/2664.jpg 1 0 0 100 100
p/2662.jpg 1 0 0 100 100
p/2663.jpg 1 0 0 100 100
p/2661.jpg 1 0 0 100 100
p/2659.jpg 1 0 0 100 100
p/2660.jpg 1 0 0 100 100
p/2657.jpg 1 0 0 100 100
p/2656.jpg 1 0 0 100 100
p/2655.jpg 1 0 0 100 100
p/2654.jpg 1 0 0 100 100
p/2652.jpg 1 0 0 100 100
p/2651.jpg 1 0 0 100 100
p/2649.jpg 1 0 0 100 100
p/2650.jpg 1 0 0 100 100
p/2642.jpg 1 0 0 100 100
p/2641.jpg 1 0 0 100 100
p/2629.jpg 1 0 0 100 100
p/254.jpg 1 0 0 100 100
p/2558.jpg 1 0 0 100 100
p/2531.jpg 1 0 0 100 100
p/2519.jpg 1 0 0 100 100
p/2479.jpg 1 0 0 100 100
p/2481.jpg 1 0 0 100 100
p/2476.jpg 1 0 0 100 100
p/2462.jpg 1 0 0 100 100
p/2448.jpg 1 0 0 100 100
p/2442.jpg 1 0 0 100 100
p/2445.jpg 1 0 0 100 100
p/2440.jpg 1 0 0 100 100
p/2423.jpg 1 0 0 100 100
p/2422.jpg 1 0 0 100 100
p/2393.jpg 1 0 0 100 100
p/2373.jpg 1 0 0 100 100
p/2371.jpg 1 0 0 100 100
p/2370.jpg 1 0 0 100 100
p/2366.jpg 1 0 0 100 100
p/2368.jpg 1 0 0 100 100
p/2347.jpg 1 0 0 100 100
p/2345.jpg 1 0 0 100 100
p/2344.jpg 1 0 0 100 100
p/2313.jpg 1 0 0 100 100
p/228.jpg 1 0 0 100 100
p/2306.jpg 1 0 0 100 100
p/2270.jpg 1 0 0 100 100
p/227.jpg 1 0 0 100 100
p/2266.jpg 1 0 0 100 100
p/2268.jpg 1 0 0 100 100
p/2265.jpg 1 0 0 100 100
p/2262.jpg 1 0 0 100 100
p/2263.jpg 1 0 0 100 100
p/2264.jpg 1 0 0 100 100
p/2261.jpg 1 0 0 100 100
p/226.jpg 1 0 0 100 100
p/2260.jpg 1 0 0 100 100
p/2257.jpg 1 0 0 100 100
p/2259.jpg 1 0 0 100 100
p/2251.jpg 1 0 0 100 100
p/2256.jpg 1 0 0 100 100
p/2249.jpg 1 0 0 100 100
p/2250.jpg 1 0 0 100 100
p/2244.jpg 1 0 0 100 100
p/2241.jpg 1 0 0 100 100
p/2242.jpg 1 0 0 100 100
p/2240.jpg 1 0 0 100 100
p/2221.jpg 1 0 0 100 100
p/223.jpg 1 0 0 100 100
p/221.jpg 1 0 0 100 100
p/220.jpg 1 0 0 100 100
p/2176.jpg 1 0 0 100 100
p/212.jpg 1 0 0 100 100
p/2116.jpg 1 0 0 100 100
p/2079.jpg 1 0 0 100 100
p/2066.jpg 1 0 0 100 100
p/2054.jpg 1 0 0 100 100
p/1957.jpg 1 0 0 100 100
p/1924.jpg 1 0 0 100 100
p/1888.jpg 1 0 0 100 100
p/1881.jpg 1 0 0 100 100
p/1883.jpg 1 0 0 100 100
p/1880.jpg 1 0 0 100 100
p/1871.jpg 1 0 0 100 100
p/1874.jpg 1 0 0 100 100
p/1863.jpg 1 0 0 100 100
p/181.jpg 1 0 0 100 100
p/1786.jpg 1 0 0 100 100
p/1805.jpg 1 0 0 100 100
p/1758.jpg 1 0 0 100 100
p/1742.jpg 1 0 0 100 100
p/1737.jpg 1 0 0 100 100
p/1676.jpg 1 0 0 100 100
p/1663.jpg 1 0 0 100 100
p/1627.jpg 1 0 0 100 100
p/1578.jpg 1 0 0 100 100
p/157.jpg 1 0 0 100 100
p/1566.jpg 1 0 0 100 100
p/1549.jpg 1 0 0 100 100
p/154.jpg 1 0 0 100 100
p/153.jpg 1 0 0 100 100
p/1529.jpg 1 0 0 100 100
p/1505.jpg 1 0 0 100 100
p/148.jpg 1 0 0 100 100
p/1468.jpg 1 0 0 100 100
p/1456.jpg 1 0 0 100 100
p/1443.jpg 1 0 0 100 100
p/1430.jpg 1 0 0 100 100
p/1411.jpg 1 0 0 100 100
p/1404.jpg 1 0 0 100 100
p/1395.jpg 1 0 0 100 100
p/139.jpg 1 0 0 100 100
p/1386.jpg 1 0 0 100 100
p/1368.jpg 1 0 0 100 100
p/1365.jpg 1 0 0 100 100
p/1366.jpg 1 0 0 100 100
p/1352.jpg 1 0 0 100 100
p/1350.jpg 1 0 0 100 100
p/1351.jpg 1 0 0 100 100
p/1317.jpg 1 0 0 100 100
p/1290.jpg 1 0 0 100 100
p/1277.jpg 1 0 0 100 100
p/1274.jpg 1 0 0 100 100
p/1262.jpg 1 0 0 100 100
p/1241.jpg 1 0 0 100 100
p/1242.jpg 1 0 0 100 100
p/1218.jpg 1 0 0 100 100
p/1135.jpg 1 0 0 100 100
p/1134.jpg 1 0 0 100 100
p/1123.jpg 1 0 0 100 100
p/1126.jpg 1 0 0 100 100
p/1120.jpg 1 0 0 100 100
p/1096.jpg 1 0 0 100 100
p/1093.jpg 1 0 0 100 100
p/1084.jpg 1 0 0 100 100
p/1087.jpg 1 0 0 100 100
p/1047.jpg 1 0 0 100 100
p/1045.jpg 1 0 0 100 100
p/1041.jpg 1 0 0 100 100
p/1040.jpg 1 0 0 100 100
p/1038.jpg 1 0 0 100 100
p/1036.jpg 1 0 0 100 100
p/1034.jpg 1 0 0 100 100
p/1033.jpg 1 0 0 100 100
p/1032.jpg 1 0 0 100 100
p/1031.jpg 1 0 0 100 100
p/1029.jpg 1 0 0 100 100
p/1030.jpg 1 0 0 100 100
p/1028.jpg 1 0 0 100 100
p/1027.jpg 1 0 0 100 100
p/1023.jpg 1 0 0 100 100
p/1021.jpg 1 0 0 100 100
p/1022.jpg 1 0 0 100 100
p/1020.jpg 1 0 0 100 100
p/1019.jpg 1 0 0 100 100
p/1018.jpg 1 0 0 100 100
p/1016.jpg 1 0 0 100 100
p/1017.jpg 1 0 0 100 100
p/1015.jpg 1 0 0 100 100
p/1011.jpg 1 0 0 100 100
p/1014.jpg 1 0 0 100 100
p/1009.jpg 1 0 0 100 100
p/1010.jpg 1 0 0 100 100
p/1008.jpg 1 0 0 100 100
p/1007.jpg 1 0 0 100 100
p/1005.jpg 1 0 0 100 100
p/1006.jpg 1 0 0 100 100
p/1004.jpg 1 0 0 100 100
p/1003.jpg 1 0 0 100 100
p/1000.jpg 1 0 0 100 100