p/95.jpg 1 0 0 100 100
p/94.jpg 1 0 0 100 100
p/93.jpg 1 0 0 100 100
p/92.jpg 1 0 0 100 100
p/91.jpg 1 0 0 100 100
p/90.jpg 1 0 0 100 100
p/89.jpg 1 0 0 100 100
p/88.jpg 1 0 0 100 100
p/87.jpg 1 0 0 100 100
p/86.jpg 1 0 0 100 100
p/85.jpg 1 0 0 100 100
p/84.jpg 1 0 0 100 100
p/83.jpg 1 0 0 100 100
p/82.jpg 1 0 0 100 100
p/81.jpg 1 0 0 100 100
p/80.jpg 1 0 0 100 100
p/79.jpg 1 0 0 100 100
p/78.jpg 1 0 0 100 100
p/77.jpg 1 0 0 100 100
p/76.jpg 1 0 0 100 100
p/75.jpg 1 0 0 100 100
p/74.jpg 1 0 0 100 100
p/73.jpg 1 0 0 100 100
p/72.jpg 1 0 0 100 100
p/71.jpg 1 0 0 100 100
p/70.jpg 1 0 0 100 100
p/69.jpg 1 0 0 100 100
p/68.jpg 1 0 0 100 100
p/67.jpg 1 0 0 100 100
p/66.jpg 1 0 0 100 100
p/65.jpg 1 0 0 100 100
p/64.jpg 1 0 0 100 100
p/63.jpg 1 0 0 100 100
p/62.jpg 1 0 0 100 100
p/61.jpg 1 0 0 100 100
p/60.jpg 1 0 0 100 100
p/59.jpg 1 0 0 100 100
p/58.jpg 1 0 0 100 100
p/57.jpg 1 0 0 100 100
p/56.jpg 1 0 0 100 100
p/55.jpg 1 0 0 100 100
p/54.jpg 1 0 0 100 100
p/53.jpg 1 0 0 100 100
p/52.jpg 1 0 0 100 100
p/51.jpg 1 0 0 100 100
p/50.jpg 1 0 0 100 100
p/49.jpg 1 0 0 100 100
p/48.jpg 1 0 0 100 100
p/47.jpg 1 0 0 100 100
p/46.jpg 1 0 0 100 100
p/45.jpg 1 0 0 100 100
p/44.jpg 1 0 0 100 100
p/43.jpg 1 0 0 100 100
p/42.jpg 1 0 0 100 100
p/41.jpg 1 0 0 100 100
p/40.jpg 1 0 0 100 100
p/39.jpg 1 0 0 100 100
p/38.jpg 1 0 0 100 100
p/37.jpg 1 0 0 100 100
p/36.jpg 1 0 0 100 100
p/35.jpg 1 0 0 100 100
p/34.jpg 1 0 0 100 100
p/33.jpg 1 0 0 100 100
p/32.jpg 1 0 0 100 100
p/31.jpg 1 0 0 100 100
p/30.jpg 1 0 0 100 100
p/29.jpg 1 0 0 100 100
p/28.jpg 1 0 0 100 100
p/27.jpg 1 0 0 100 100
p/26.jpg 1 0 0 100 100
p/25.jpg 1 0 0 100 100
p/24.jpg 1 0 0 100 100
p/23.jpg 1 0 0 100 100
p/22.jpg 1 0 0 100 100
p/21.jpg 1 0 0 100 100
p/20.jpg 1 0 0 100 100
p/19.jpg 1 0 0 100 100
p/18.jpg 1 0 0 100 100
p/17.jpg 1 0 0 100 100
p/16.jpg 1 0 0 100 100
p/15.jpg 1 0 0 100 100
p/14.jpg 1 0 0 100 100
p/13.jpg 1 0 0 100 100
p/12.jpg 1 0 0 100 100
p/11.jpg 1 0 0 100 100
p/10.jpg 1 0 0 100 100
p/9.jpg 1 0 0 100 100
p/8.jpg 1 0 0 100 100
p/7.jpg 1 0 0 100 100
p/6.jpg 1 0 0 100 100
p/5.jpg 1 0 0 100 100
p/4.jpg 1 0 0 100 100
p/3.jpg 1 0 0 100 100
p/2.jpg 1 0 0 100 100
p/1.jpg 1 0 0 100 100